# JRE version: Java(TM) SE Runtime Environment (22.0.2+9) (build 22.0.2+9-70)
# Java VM: Java HotSpot(TM) 64-Bit Server VM (22.0.2+9-70, mixed mode, sharing, tiered, compressed oops, compressed class ptrs, g1 gc, windows-amd64)
GC Precious Log:
 CardTable entry size: 512
 Card Set container configuration: InlinePtr #cards 4 size 8 Array Of Cards #cards 16 size 48 Howl #buckets 8 coarsen threshold 3686 Howl Bitmap #cards 512 size 80 coarsen threshold 460 Card regions per heap region 1 cards per card region 4096
 CPUs: 16 total, 16 available
 Memory: 15557M
 Large Page Support: Disabled
 NUMA Support: Disabled
 Compressed Oops: Enabled (Zero based)
 Heap Region Size: 2M
 Heap Min Capacity: 8M
 Heap Initial Capacity: 244M
 Heap Max Capacity: 3890M
 Pre-touch: Disabled
 Parallel Workers: 13
 Concurrent Workers: 3
 Concurrent Refinement Workers: 13
 Periodic GC: Disabled
Heap:
 garbage-first heap   total reserved 3983360K, committed 153600K, used 75902K [0x000000070ce00000, 0x0000000800000000)
  region size 2048K, 3 young (6144K), 1 survivors (2048K)
 Metaspace       used 32564K, committed 32960K, reserved 1114112K
  class space    used 4592K, committed 4800K, reserved 1048576K
GC Heap History (20 events):
Event: 2.287 GC heap before
{Heap before GC invocations=2 (full 0):
 garbage-first heap   total reserved 3983360K, committed 249856K, used 71690K [0x000000070ce00000, 0x0000000800000000)
  region size 2048K, 35 young (71680K), 2 survivors (4096K)
 Metaspace       used 21158K, committed 21504K, reserved 1114112K
  class space    used 2709K, committed 2880K, reserved 1048576K
}
Event: 2.291 GC heap after
{Heap after GC invocations=3 (full 0):
 garbage-first heap   total reserved 3983360K, committed 249856K, used 12420K [0x000000070ce00000, 0x0000000800000000)
  region size 2048K, 5 young (10240K), 5 survivors (10240K)
 Metaspace       used 21158K, committed 21504K, reserved 1114112K
  class space    used 2709K, committed 2880K, reserved 1048576K
}
Event: 2.835 GC heap before
{Heap before GC invocations=4 (full 0):
 garbage-first heap   total reserved 3983360K, committed 49152K, used 47236K [0x000000070ce00000, 0x0000000800000000)
  region size 2048K, 22 young (45056K), 5 survivors (10240K)
 Metaspace       used 28217K, committed 28608K, reserved 1114112K
  class space    used 4187K, committed 4352K, reserved 1048576K
}
Event: 2.841 GC heap after
{Heap after GC invocations=5 (full 0):
 garbage-first heap   total reserved 3983360K, committed 65536K, used 18227K [0x000000070ce00000, 0x0000000800000000)
  region size 2048K, 8 young (16384K), 8 survivors (16384K)
 Metaspace       used 28217K, committed 28608K, reserved 1114112K
  class space    used 4187K, committed 4352K, reserved 1048576K
}
Event: 5.848 GC heap before
{Heap before GC invocations=5 (full 0):
 garbage-first heap   total reserved 3983360K, committed 65536K, used 42803K [0x000000070ce00000, 0x0000000800000000)
  region size 2048K, 19 young (38912K), 8 survivors (16384K)
 Metaspace       used 31018K, committed 31424K, reserved 1114112K
  class space    used 4468K, committed 4672K, reserved 1048576K
}
Event: 5.854 GC heap after
{Heap after GC invocations=6 (full 0):
 garbage-first heap   total reserved 3983360K, committed 67584K, used 25235K [0x000000070ce00000, 0x0000000800000000)
  region size 2048K, 3 young (6144K), 3 survivors (6144K)
 Metaspace       used 31018K, committed 31424K, reserved 1114112K
  class space    used 4468K, committed 4672K, reserved 1048576K
}
Event: 27.299 GC heap before
{Heap before GC invocations=6 (full 0):
 garbage-first heap   total reserved 3983360K, committed 67584K, used 51859K [0x000000070ce00000, 0x0000000800000000)
  region size 2048K, 16 young (32768K), 3 survivors (6144K)
 Metaspace       used 31697K, committed 32128K, reserved 1114112K
  class space    used 4495K, committed 4672K, reserved 1048576K
}
Event: 27.302 GC heap after
{Heap after GC invocations=7 (full 0):
 garbage-first heap   total reserved 3983360K, committed 67584K, used 27184K [0x000000070ce00000, 0x0000000800000000)
  region size 2048K, 1 young (2048K), 1 survivors (2048K)
 Metaspace       used 31697K, committed 32128K, reserved 1114112K
  class space    used 4495K, committed 4672K, reserved 1048576K
}
Event: 31.767 GC heap before
{Heap before GC invocations=7 (full 0):
 garbage-first heap   total reserved 3983360K, committed 67584K, used 37424K [0x000000070ce00000, 0x0000000800000000)
  region size 2048K, 6 young (12288K), 1 survivors (2048K)
 Metaspace       used 32005K, committed 32448K, reserved 1114112K
  class space    used 4546K, committed 4736K, reserved 1048576K
}
Event: 31.768 GC heap after
{Heap after GC invocations=8 (full 0):
 garbage-first heap   total reserved 3983360K, committed 67584K, used 29464K [0x000000070ce00000, 0x0000000800000000)
  region size 2048K, 1 young (2048K), 1 survivors (2048K)
 Metaspace       used 32005K, committed 32448K, reserved 1114112K
  class space    used 4546K, committed 4736K, reserved 1048576K
}
Event: 31.815 GC heap before
{Heap before GC invocations=8 (full 0):
 garbage-first heap   total reserved 3983360K, committed 67584K, used 33560K [0x000000070ce00000, 0x0000000800000000)
  region size 2048K, 2 young (4096K), 1 survivors (2048K)
 Metaspace       used 32080K, committed 32512K, reserved 1114112K
  class space    used 4559K, committed 4736K, reserved 1048576K
}
Event: 31.816 GC heap after
{Heap after GC invocations=9 (full 0):
 garbage-first heap   total reserved 3983360K, committed 67584K, used 33696K [0x000000070ce00000, 0x0000000800000000)
  region size 2048K, 2 young (4096K), 2 survivors (4096K)
 Metaspace       used 32080K, committed 32512K, reserved 1114112K
  class space    used 4559K, committed 4736K, reserved 1048576K
}
Event: 62.165 GC heap before
{Heap before GC invocations=10 (full 0):
 garbage-first heap   total reserved 3983360K, committed 90112K, used 86944K [0x000000070ce00000, 0x0000000800000000)
  region size 2048K, 9 young (18432K), 2 survivors (4096K)
 Metaspace       used 32476K, committed 32960K, reserved 1114112K
  class space    used 4592K, committed 4800K, reserved 1048576K
}
Event: 62.167 GC heap after
{Heap after GC invocations=11 (full 0):
 garbage-first heap   total reserved 3983360K, committed 94208K, used 73965K [0x000000070ce00000, 0x0000000800000000)
  region size 2048K, 2 young (4096K), 2 survivors (4096K)
 Metaspace       used 32476K, committed 32960K, reserved 1114112K
  class space    used 4592K, committed 4800K, reserved 1048576K
}
Event: 82.159 GC heap before
{Heap before GC invocations=11 (full 0):
 garbage-first heap   total reserved 3983360K, committed 94208K, used 82157K [0x000000070ce00000, 0x0000000800000000)
  region size 2048K, 6 young (12288K), 2 survivors (4096K)
 Metaspace       used 32524K, committed 32960K, reserved 1114112K
  class space    used 4592K, committed 4800K, reserved 1048576K
}
Event: 82.161 GC heap after
{Heap after GC invocations=12 (full 0):
 garbage-first heap   total reserved 3983360K, committed 94208K, used 74016K [0x000000070ce00000, 0x0000000800000000)
  region size 2048K, 1 young (2048K), 1 survivors (2048K)
 Metaspace       used 32524K, committed 32960K, reserved 1114112K
  class space    used 4592K, committed 4800K, reserved 1048576K
}
Event: 94.721 GC heap before
{Heap before GC invocations=12 (full 0):
 garbage-first heap   total reserved 3983360K, committed 94208K, used 84256K [0x000000070ce00000, 0x0000000800000000)
  region size 2048K, 6 young (12288K), 1 survivors (2048K)
 Metaspace       used 32555K, committed 32960K, reserved 1114112K
  class space    used 4592K, committed 4800K, reserved 1048576K
}
Event: 94.722 GC heap after
{Heap after GC invocations=13 (full 0):
 garbage-first heap   total reserved 3983360K, committed 94208K, used 73907K [0x000000070ce00000, 0x0000000800000000)
  region size 2048K, 1 young (2048K), 1 survivors (2048K)
 Metaspace       used 32555K, committed 32960K, reserved 1114112K
  class space    used 4592K, committed 4800K, reserved 1048576K
}
Event: 99.605 GC heap before
{Heap before GC invocations=14 (full 0):
 garbage-first heap   total reserved 3983360K, committed 126976K, used 82099K [0x000000070ce00000, 0x0000000800000000)
  region size 2048K, 5 young (10240K), 1 survivors (2048K)
 Metaspace       used 32563K, committed 32960K, reserved 1114112K
  class space    used 4592K, committed 4800K, reserved 1048576K
}
Event: 99.606 GC heap after
{Heap after GC invocations=15 (full 0):
 garbage-first heap   total reserved 3983360K, committed 153600K, used 73854K [0x000000070ce00000, 0x0000000800000000)
  region size 2048K, 1 young (2048K), 1 survivors (2048K)
 Metaspace       used 32563K, committed 32960K, reserved 1114112K
  class space    used 4592K, committed 4800K, reserved 1048576K
}

